Log file open, 09/06/21 19:28:56
LogWindows: Failed to load 'aqProf.dll' (GetLastError=126)
LogWindows: File 'aqProf.dll' does not exist
LogWindows: Failed to load 'VtuneApi.dll' (GetLastError=126)
LogWindows: File 'VtuneApi.dll' does not exist
LogWindows: Failed to load 'VtuneApi32e.dll' (GetLastError=126)
LogWindows: File 'VtuneApi32e.dll' does not exist
LogConsoleResponse: Display: Failed to find resolution value strings in scalability ini. Falling back to default.
LogConsoleResponse: Display: Failed to find resolution value strings in scalability ini. Falling back to default.
LogInit: Display: Running engine for game: FirstProject
LogPlatformFile: Not using cached read wrapper
LogTaskGraph: Started task graph with 5 named threads and 11 total threads with 3 sets of task threads.
LogStats: Stats thread started at 0.415572
LogICUInternationalization: ICU TimeZone Detection - Raw Offset: +1:00, Platform Override: ''
LogInit: Display: Loading text-based GConfig....
LogPluginManager: Mounting plugin MeshPainting
LogPluginManager: Mounting plugin XGEController
LogPluginManager: Mounting plugin Paper2D
LogPluginManager: Mounting plugin EnvironmentQueryEditor
LogPluginManager: Mounting plugin AISupport
LogPluginManager: Mounting plugin LightPropagationVolume
LogPluginManager: Mounting plugin LiveLink
LogPluginManager: Mounting plugin GameplayCameras
LogPluginManager: Mounting plugin CameraShakePreviewer
LogPluginManager: Mounting plugin OodleData
LogPluginManager: Mounting plugin OodleNetwork
LogPluginManager: Mounting plugin AnimationSharing
LogPluginManager: Mounting plugin CLionSourceCodeAccess
LogPluginManager: Mounting plugin CodeLiteSourceCodeAccess
LogPluginManager: Mounting plugin GitSourceControl
LogPluginManager: Mounting plugin AssetManagerEditor
LogPluginManager: Mounting plugin KDevelopSourceCodeAccess
LogPluginManager: Mounting plugin NullSourceCodeAccess
LogPluginManager: Mounting plugin PerforceSourceControl
LogPluginManager: Mounting plugin PixWinPlugin
LogPluginManager: Mounting plugin CryptoKeys
LogPluginManager: Mounting plugin PlasticSourceControl
LogPluginManager: Mounting plugin CurveEditorTools
LogPluginManager: Mounting plugin DataValidation
LogPluginManager: Mounting plugin PluginUtils
LogPluginManager: Mounting plugin PropertyAccessNode
LogPluginManager: Mounting plugin FacialAnimation
LogPluginManager: Mounting plugin RiderSourceCodeAccess
LogPluginManager: Mounting plugin GameplayTagsEditor
LogPluginManager: Mounting plugin SubversionSourceControl
LogPluginManager: Mounting plugin GeometryMode
LogPluginManager: Mounting plugin MacGraphicsSwitching
LogPluginManager: Mounting plugin MaterialAnalyzer
LogPluginManager: Mounting plugin MobileLauncherProfileWizard
LogPluginManager: Mounting plugin PluginBrowser
LogPluginManager: Mounting plugin TextureFormatOodle
LogPluginManager: Mounting plugin SpeedTreeImporter
LogPluginManager: Mounting plugin UObjectPlugin
LogPluginManager: Mounting plugin VisualStudioSourceCodeAccess
LogPluginManager: Mounting plugin VisualStudioCodeSourceCodeAccess
LogPluginManager: Mounting plugin XCodeSourceCodeAccess
LogPluginManager: Mounting plugin DatasmithContent
LogPluginManager: Mounting plugin VariantManagerContent
LogPluginManager: Mounting plugin Niagara
LogPluginManager: Mounting plugin LuminPlatformFeatures
LogPluginManager: Mounting plugin MagicLeap
LogPluginManager: Mounting plugin MagicLeapLightEstimation
LogPluginManager: Mounting plugin MagicLeapMedia
LogPluginManager: Mounting plugin AlembicImporter
LogPluginManager: Mounting plugin AutomationUtils
LogPluginManager: Mounting plugin BackChannel
LogPluginManager: Mounting plugin MagicLeapPassableWorld
LogPluginManager: Mounting plugin ChaosCloth
LogPluginManager: Mounting plugin ChaosClothEditor
LogPluginManager: Mounting plugin ChaosEditor
LogPluginManager: Mounting plugin ChaosNiagara
LogPluginManager: Mounting plugin ChaosSolverPlugin
LogPluginManager: Mounting plugin CharacterAI
LogPluginManager: Mounting plugin MLSDK
LogPluginManager: Mounting plugin GeometryCache
LogPluginManager: Mounting plugin GeometryCollectionPlugin
LogPluginManager: Mounting plugin AndroidMedia
LogPluginManager: Mounting plugin AvfMedia
LogPluginManager: Mounting plugin ImgMedia
LogPluginManager: Mounting plugin MediaCompositing
LogPluginManager: Mounting plugin MediaPlayerEditor
LogPluginManager: Mounting plugin WebMMedia
LogPluginManager: Mounting plugin WmfMedia
LogPluginManager: Mounting plugin GeometryProcessing
LogPluginManager: Mounting plugin MotoSynth
LogPluginManager: Mounting plugin OpenImageDenoise
LogPluginManager: Mounting plugin PlanarCut
LogPluginManager: Mounting plugin PlatformCrypto
LogPluginManager: Mounting plugin ProxyLODPlugin
LogPluginManager: Mounting plugin PythonScriptPlugin
LogPluginManager: Mounting plugin SkeletalReduction
LogPluginManager: Mounting plugin TcpMessaging
LogPluginManager: Mounting plugin UdpMessaging
LogPluginManager: Mounting plugin ActorSequence
LogPluginManager: Mounting plugin LevelSequenceEditor
LogPluginManager: Mounting plugin MatineeToLevelSequence
LogPluginManager: Mounting plugin TemplateSequence
LogPluginManager: Mounting plugin OnlineSubsystem
LogPluginManager: Mounting plugin OnlineSubsystemNull
LogPluginManager: Mounting plugin OnlineSubsystemUtils
LogPluginManager: Mounting plugin LauncherChunkInstaller
LogPluginManager: Mounting plugin ActorLayerUtilities
LogPluginManager: Mounting plugin AndroidDeviceProfileSelector
LogPluginManager: Mounting plugin AndroidMoviePlayer
LogPluginManager: Mounting plugin AndroidPermission
LogPluginManager: Mounting plugin AppleImageUtils
LogPluginManager: Mounting plugin AppleMoviePlayer
LogPluginManager: Mounting plugin ArchVisCharacter
LogPluginManager: Mounting plugin AssetTags
LogPluginManager: Mounting plugin AudioCapture
LogPluginManager: Mounting plugin AudioSynesthesia
LogPluginManager: Mounting plugin CableComponent
LogPluginManager: Mounting plugin ChunkDownloader
LogPluginManager: Mounting plugin CustomMeshComponent
LogPluginManager: Mounting plugin EditableMesh
LogPluginManager: Mounting plugin ExampleDeviceProfileSelector
LogPluginManager: Mounting plugin GoogleCloudMessaging
LogPluginManager: Mounting plugin GooglePAD
LogPluginManager: Mounting plugin ScreenshotTools
LogPluginManager: Mounting plugin IOSDeviceProfileSelector
LogPluginManager: Mounting plugin LinuxDeviceProfileSelector
LogPluginManager: Mounting plugin LocationServicesBPLibrary
LogPluginManager: Mounting plugin MobilePatchingUtils
LogPluginManager: Mounting plugin OpenXR
LogPluginManager: Mounting plugin OpenXREyeTracker
LogPluginManager: Mounting plugin OpenXRHandTracking
LogPluginManager: Mounting plugin PhysXVehicles
LogPluginManager: Mounting plugin Takes
LogPluginManager: Mounting plugin PostSplashScreen
LogPluginManager: Mounting plugin ProceduralMeshComponent
LogPluginManager: Mounting plugin PropertyAccessEditor
LogPluginManager: Mounting plugin SignificanceManager
LogPluginManager: Mounting plugin RuntimePhysXCooking
LogPluginManager: Mounting plugin SoundFields
LogPluginManager: Mounting plugin Synthesis
LogPluginManager: Mounting plugin WebMMoviePlayer
LogPluginManager: Mounting plugin WindowsMoviePlayer
LogPluginManager: Mounting plugin ContentBrowserAssetDataSource
LogPluginManager: Mounting plugin ContentBrowserFileDataSource
LogPluginManager: Mounting plugin ContentBrowserClassDataSource
LogPluginManager: Mounting plugin OnlineSubsystemGooglePlay
LogPluginManager: Mounting plugin OnlineSubsystemIOS
LogPluginManager: Mounting plugin OculusVR
LogPluginManager: Mounting plugin SteamVR
PixWinPlugin: PIX capture plugin failed to initialize! Check that the process is launched from PIX.
LogInit: Using libcurl 7.55.1-DEV
LogInit:  - built for x86_64-pc-win32
LogInit:  - supports SSL with OpenSSL/1.1.1
LogInit:  - supports HTTP deflate (compression) using libz 1.2.8
LogInit:  - other features:
LogInit:      CURL_VERSION_SSL
LogInit:      CURL_VERSION_LIBZ
LogInit:      CURL_VERSION_IPV6
LogInit:      CURL_VERSION_ASYNCHDNS
LogInit:      CURL_VERSION_LARGEFILE
LogInit:      CURL_VERSION_IDN
LogInit:  CurlRequestOptions (configurable via config and command line):
LogInit:  - bVerifyPeer = true  - Libcurl will verify peer certificate
LogInit:  - bUseHttpProxy = false  - Libcurl will NOT use HTTP proxy
LogInit:  - bDontReuseConnections = false  - Libcurl will reuse connections
LogInit:  - MaxHostConnections = 16  - Libcurl will limit the number of connections to a host
LogInit:  - LocalHostAddr = Default
LogInit:  - BufferSize = 65536
LogOnline: OSS: Creating online subsystem instance for: NULL
LogInit: WinSock: version 1.1 (2.2), MaxSocks=32767, MaxUdp=65467
LogOnline: OSS: TryLoadSubsystemAndSetDefault: Loaded subsystem for module [NULL]
LogOculusPluginWrapper: OculusPlugin initialized successfully
LogHMD: Failed initializing OVRPlugin 1.59.0
LogInit: Build: ++UE4+Release-4.27-CL-17155196
LogInit: Engine Version: 4.27.0-17155196+++UE4+Release-4.27
LogInit: Compatible Engine Version: 4.27.0-17155196+++UE4+Release-4.27
LogInit: Net CL: 17155196
LogInit: OS: Windows 10 (Release 1909) (), CPU: Intel(R) Core(TM) i5-7200U CPU @ 2.50GHz, GPU: Intel(R) HD Graphics 620
LogInit: Compiled (64-bit): Aug 13 2021 06:13:13
LogInit: Compiled with Visual C++: 19.24.28315.00
LogInit: Build Configuration: Development
LogInit: Branch Name: ++UE4+Release-4.27
LogInit: Command Line:  /Game/Maps/SunTemple -game -PIEVIACONSOLE -Multiprocess "GameUserSettingsINI=C:/SSD120/Korisnik/GameDev/Unreal projects/UE4Game/FirstProject 4.27/Saved/Config/Windows/PIEGameUserSettings0.ini" -MultiprocessSaveConfig -forcepassthrough -messaging -SessionName="Play in Standalone Game" -windowed -ResX=1280 -ResY=720
LogInit: Base Directory: C:/Program Files/Epic Games/UE_4.27/Engine/Binaries/Win64/
LogInit: Allocator: TBB
LogInit: Installed Engine Build: 1
LogDevObjectVersion: Number of dev versions registered: 29
LogDevObjectVersion:   Dev-Blueprints (B0D832E4-1F89-4F0D-ACCF-7EB736FD4AA2): 10
LogDevObjectVersion:   Dev-Build (E1C64328-A22C-4D53-A36C-8E866417BD8C): 0
LogDevObjectVersion:   Dev-Core (375EC13C-06E4-48FB-B500-84F0262A717E): 4
LogDevObjectVersion:   Dev-Editor (E4B068ED-F494-42E9-A231-DA0B2E46BB41): 40
LogDevObjectVersion:   Dev-Framework (CFFC743F-43B0-4480-9391-14DF171D2073): 37
LogDevObjectVersion:   Dev-Mobile (B02B49B5-BB20-44E9-A304-32B752E40360): 3
LogDevObjectVersion:   Dev-Networking (A4E4105C-59A1-49B5-A7C5-40C4547EDFEE): 0
LogDevObjectVersion:   Dev-Online (39C831C9-5AE6-47DC-9A44-9C173E1C8E7C): 0
LogDevObjectVersion:   Dev-Physics (78F01B33-EBEA-4F98-B9B4-84EACCB95AA2): 14
LogDevObjectVersion:   Dev-Platform (6631380F-2D4D-43E0-8009-CF276956A95A): 0
LogDevObjectVersion:   Dev-Rendering (12F88B9F-8875-4AFC-A67C-D90C383ABD29): 45
LogDevObjectVersion:   Dev-Sequencer (7B5AE74C-D270-4C10-A958-57980B212A5A): 13
LogDevObjectVersion:   Dev-VR (D7296918-1DD6-4BDD-9DE2-64A83CC13884): 3
LogDevObjectVersion:   Dev-LoadTimes (C2A15278-BFE7-4AFE-6C17-90FF531DF755): 1
LogDevObjectVersion:   Private-Geometry (6EACA3D4-40EC-4CC1-B786-8BED09428FC5): 3
LogDevObjectVersion:   Dev-AnimPhys (29E575DD-E0A3-4627-9D10-D276232CDCEA): 17
LogDevObjectVersion:   Dev-Anim (AF43A65D-7FD3-4947-9873-3E8ED9C1BB05): 15
LogDevObjectVersion:   Dev-ReflectionCapture (6B266CEC-1EC7-4B8F-A30B-E4D90942FC07): 1
LogDevObjectVersion:   Dev-Automation (0DF73D61-A23F-47EA-B727-89E90C41499A): 1
LogDevObjectVersion:   FortniteMain (601D1886-AC64-4F84-AA16-D3DE0DEAC7D6): 47
LogDevObjectVersion:   FortniteRelease (E7086368-6B23-4C58-8439-1B7016265E91): 1
LogDevObjectVersion:   Dev-Enterprise (9DFFBCD6-494F-0158-E221-12823C92A888): 10
LogDevObjectVersion:   Dev-Niagara (F2AED0AC-9AFE-416F-8664-AA7FFA26D6FC): 1
LogDevObjectVersion:   Dev-Destruction (174F1F0B-B4C6-45A5-B13F-2EE8D0FB917D): 10
LogDevObjectVersion:   Dev-Physics-Ext (35F94A83-E258-406C-A318-09F59610247C): 41
LogDevObjectVersion:   Dev-PhysicsMaterial-Chaos (B68FC16E-8B1B-42E2-B453-215C058844FE): 1
LogDevObjectVersion:   Dev-CineCamera (B2E18506-4273-CFC2-A54E-F4BB758BBA07): 1
LogDevObjectVersion:   Dev-VirtualProduction (64F58936-FD1B-42BA-BA96-7289D5D0FA4E): 1
LogDevObjectVersion:   Dev-MediaFramework (6F0ED827-A609-4895-9C91-998D90180EA4): 2
LogInit: Presizing for max 25165824 objects, including 0 objects not considered by GC, pre-allocating 0 bytes for permanent pool.
LogConfig: Applying CVar settings from Section [/Script/Engine.StreamingSettings] File [C:/SSD120/Korisnik/GameDev/Unreal projects/UE4Game/FirstProject 4.27/Saved/Config/Windows/Engine.ini]
LogConfig: Setting CVar [[s.MinBulkDataSizeForAsyncLoading:131072]]
LogConfig: Setting CVar [[s.AsyncLoadingThreadEnabled:0]]
LogConfig: Setting CVar [[s.EventDrivenLoaderEnabled:1]]
LogConfig: Setting CVar [[s.WarnIfTimeLimitExceeded:0]]
LogConfig: Setting CVar [[s.TimeLimitExceededMultiplier:1.5]]
LogConfig: Setting CVar [[s.TimeLimitExceededMinTime:0.005]]
LogConfig: Setting CVar [[s.UseBackgroundLevelStreaming:1]]
LogConfig: Setting CVar [[s.PriorityAsyncLoadingExtraTime:15.0]]
LogConfig: Setting CVar [[s.LevelStreamingActorsUpdateTimeLimit:5.0]]
LogConfig: Setting CVar [[s.PriorityLevelStreamingActorsUpdateExtraTime:5.0]]
LogConfig: Setting CVar [[s.LevelStreamingComponentsRegistrationGranularity:10]]
LogConfig: Setting CVar [[s.UnregisterComponentsTimeLimit:1.0]]
LogConfig: Setting CVar [[s.LevelStreamingComponentsUnregistrationGranularity:5]]
LogConfig: Setting CVar [[s.FlushStreamingOnExit:1]]
LogInit: Object subsystem initialized
LogConfig: Setting CVar [[con.DebugEarlyDefault:1]]
LogConfig: Setting CVar [[r.setres:1280x720]]
[2021.09.06-17.28.57:153][  0]LogConfig: Setting CVar [[con.DebugEarlyDefault:1]]
[2021.09.06-17.28.57:153][  0]LogConfig: Setting CVar [[r.setres:1280x720]]
[2021.09.06-17.28.57:153][  0]LogConfig: Applying CVar settings from Section [/Script/Engine.RendererSettings] File [C:/SSD120/Korisnik/GameDev/Unreal projects/UE4Game/FirstProject 4.27/Saved/Config/Windows/Engine.ini]
[2021.09.06-17.28.57:153][  0]LogConfig: Setting CVar [[r.GPUCrashDebugging:0]]
[2021.09.06-17.28.57:153][  0]LogConfig: Applying CVar settings from Section [/Script/Engine.RendererOverrideSettings] File [C:/SSD120/Korisnik/GameDev/Unreal projects/UE4Game/FirstProject 4.27/Saved/Config/Windows/Engine.ini]
[2021.09.06-17.28.57:153][  0]LogConfig: Applying CVar settings from Section [/Script/Engine.StreamingSettings] File [C:/SSD120/Korisnik/GameDev/Unreal projects/UE4Game/FirstProject 4.27/Saved/Config/Windows/Engine.ini]
[2021.09.06-17.28.57:153][  0]LogConfig: Setting CVar [[s.MinBulkDataSizeForAsyncLoading:131072]]
[2021.09.06-17.28.57:153][  0]LogConfig: Setting CVar [[s.AsyncLoadingThreadEnabled:0]]
[2021.09.06-17.28.57:153][  0]LogConfig: Setting CVar [[s.EventDrivenLoaderEnabled:1]]
[2021.09.06-17.28.57:153][  0]LogConfig: Setting CVar [[s.WarnIfTimeLimitExceeded:0]]
[2021.09.06-17.28.57:153][  0]LogConfig: Setting CVar [[s.TimeLimitExceededMultiplier:1.5]]
[2021.09.06-17.28.57:153][  0]LogConfig: Setting CVar [[s.TimeLimitExceededMinTime:0.005]]
[2021.09.06-17.28.57:153][  0]LogConfig: Setting CVar [[s.UseBackgroundLevelStreaming:1]]
[2021.09.06-17.28.57:153][  0]LogConfig: Setting CVar [[s.PriorityAsyncLoadingExtraTime:15.0]]
[2021.09.06-17.28.57:153][  0]LogConfig: Setting CVar [[s.LevelStreamingActorsUpdateTimeLimit:5.0]]
[2021.09.06-17.28.57:153][  0]LogConfig: Setting CVar [[s.PriorityLevelStreamingActorsUpdateExtraTime:5.0]]
[2021.09.06-17.28.57:153][  0]LogConfig: Setting CVar [[s.LevelStreamingComponentsRegistrationGranularity:10]]
[2021.09.06-17.28.57:153][  0]LogConfig: Setting CVar [[s.UnregisterComponentsTimeLimit:1.0]]
[2021.09.06-17.28.57:153][  0]LogConfig: Setting CVar [[s.LevelStreamingComponentsUnregistrationGranularity:5]]
[2021.09.06-17.28.57:154][  0]LogConfig: Setting CVar [[s.FlushStreamingOnExit:1]]
[2021.09.06-17.28.57:154][  0]LogConfig: Applying CVar settings from Section [/Script/Engine.GarbageCollectionSettings] File [C:/SSD120/Korisnik/GameDev/Unreal projects/UE4Game/FirstProject 4.27/Saved/Config/Windows/Engine.ini]
[2021.09.06-17.28.57:154][  0]LogConfig: Setting CVar [[gc.MaxObjectsNotConsideredByGC:1]]
[2021.09.06-17.28.57:154][  0]LogConfig: Setting CVar [[gc.SizeOfPermanentObjectPool:0]]
[2021.09.06-17.28.57:154][  0]LogConfig: Setting CVar [[gc.FlushStreamingOnGC:0]]
[2021.09.06-17.28.57:154][  0]LogConfig: Setting CVar [[gc.NumRetriesBeforeForcingGC:10]]
[2021.09.06-17.28.57:154][  0]LogConfig: Setting CVar [[gc.AllowParallelGC:1]]
[2021.09.06-17.28.57:154][  0]LogConfig: Setting CVar [[gc.TimeBetweenPurgingPendingKillObjects:61.1]]
[2021.09.06-17.28.57:154][  0]LogConfig: Setting CVar [[gc.MaxObjectsInEditor:25165824]]
[2021.09.06-17.28.57:154][  0]LogConfig: Setting CVar [[gc.IncrementalBeginDestroyEnabled:1]]
[2021.09.06-17.28.57:154][  0]LogConfig: Setting CVar [[gc.CreateGCClusters:1]]
[2021.09.06-17.28.57:154][  0]LogConfig: Setting CVar [[gc.MinGCClusterSize:5]]
[2021.09.06-17.28.57:154][  0]LogConfig: Setting CVar [[gc.ActorClusteringEnabled:0]]
[2021.09.06-17.28.57:154][  0]LogConfig: Setting CVar [[gc.BlueprintClusteringEnabled:0]]
[2021.09.06-17.28.57:154][  0]LogConfig: Setting CVar [[gc.UseDisregardForGCOnDedicatedServers:0]]
[2021.09.06-17.28.57:154][  0]LogConfig: Setting CVar [[gc.MultithreadedDestructionEnabled:1]]
[2021.09.06-17.28.57:154][  0]LogConfig: Applying CVar settings from Section [/Script/Engine.NetworkSettings] File [C:/SSD120/Korisnik/GameDev/Unreal projects/UE4Game/FirstProject 4.27/Saved/Config/Windows/Engine.ini]
[2021.09.06-17.28.57:154][  0]LogConfig: Applying CVar settings from Section [/Script/UnrealEd.CookerSettings] File [C:/SSD120/Korisnik/GameDev/Unreal projects/UE4Game/FirstProject 4.27/Saved/Config/Windows/Engine.ini]
[2021.09.06-17.28.57:162][  0]LogConfig: Applying CVar settings from Section [ViewDistanceQuality@3] File [C:/SSD120/Korisnik/GameDev/Unreal projects/UE4Game/FirstProject 4.27/Saved/Config/Windows/Scalability.ini]
[2021.09.06-17.28.57:162][  0]LogConfig: Setting CVar [[r.SkeletalMeshLODBias:0]]
[2021.09.06-17.28.57:162][  0]LogConfig: Setting CVar [[r.ViewDistanceScale:1.0]]
[2021.09.06-17.28.57:162][  0]LogConfig: Applying CVar settings from Section [AntiAliasingQuality@3] File [C:/SSD120/Korisnik/GameDev/Unreal projects/UE4Game/FirstProject 4.27/Saved/Config/Windows/Scalability.ini]
[2021.09.06-17.28.57:162][  0]LogConfig: Setting CVar [[r.PostProcessAAQuality:4]]
[2021.09.06-17.28.57:162][  0]LogConfig: Applying CVar settings from Section [ShadowQuality@3] File [C:/SSD120/Korisnik/GameDev/Unreal projects/UE4Game/FirstProject 4.27/Saved/Config/Windows/Scalability.ini]
[2021.09.06-17.28.57:162][  0]LogConfig: Setting CVar [[r.LightFunctionQuality:1]]
[2021.09.06-17.28.57:162][  0]LogConfig: Setting CVar [[r.ShadowQuality:5]]
[2021.09.06-17.28.57:162][  0]LogConfig: Setting CVar [[r.Shadow.CSM.MaxCascades:10]]
[2021.09.06-17.28.57:162][  0]LogConfig: Setting CVar [[r.Shadow.MaxResolution:2048]]
[2021.09.06-17.28.57:162][  0]LogConfig: Setting CVar [[r.Shadow.MaxCSMResolution:2048]]
[2021.09.06-17.28.57:162][  0]LogConfig: Setting CVar [[r.Shadow.RadiusThreshold:0.01]]
[2021.09.06-17.28.57:162][  0]LogConfig: Setting CVar [[r.Shadow.DistanceScale:1.0]]
[2021.09.06-17.28.57:162][  0]LogConfig: Setting CVar [[r.Shadow.CSM.TransitionScale:1.0]]
[2021.09.06-17.28.57:162][  0]LogConfig: Setting CVar [[r.Shadow.PreShadowResolutionFactor:1.0]]
[2021.09.06-17.28.57:162][  0]LogConfig: Setting CVar [[r.DistanceFieldShadowing:1]]
[2021.09.06-17.28.57:162][  0]LogConfig: Setting CVar [[r.DistanceFieldAO:1]]
[2021.09.06-17.28.57:162][  0]LogConfig: Setting CVar [[r.AOQuality:2]]
[2021.09.06-17.28.57:162][  0]LogConfig: Setting CVar [[r.VolumetricFog:1]]
[2021.09.06-17.28.57:162][  0]LogConfig: Setting CVar [[r.VolumetricFog.GridPixelSize:8]]
[2021.09.06-17.28.57:162][  0]LogConfig: Setting CVar [[r.VolumetricFog.GridSizeZ:128]]
[2021.09.06-17.28.57:162][  0]LogConfig: Setting CVar [[r.VolumetricFog.HistoryMissSupersampleCount:4]]
[2021.09.06-17.28.57:163][  0]LogConfig: Setting CVar [[r.LightMaxDrawDistanceScale:1]]
[2021.09.06-17.28.57:163][  0]LogConfig: Setting CVar [[r.CapsuleShadows:1]]
[2021.09.06-17.28.57:163][  0]LogConfig: Applying CVar settings from Section [PostProcessQuality@3] File [C:/SSD120/Korisnik/GameDev/Unreal projects/UE4Game/FirstProject 4.27/Saved/Config/Windows/Scalability.ini]
[2021.09.06-17.28.57:163][  0]LogConfig: Setting CVar [[r.MotionBlurQuality:4]]
[2021.09.06-17.28.57:163][  0]LogConfig: Setting CVar [[r.AmbientOcclusionMipLevelFactor:0.4]]
[2021.09.06-17.28.57:163][  0]LogConfig: Setting CVar [[r.AmbientOcclusionMaxQuality:100]]
[2021.09.06-17.28.57:163][  0]LogConfig: Setting CVar [[r.AmbientOcclusionLevels:-1]]
[2021.09.06-17.28.57:163][  0]LogConfig: Setting CVar [[r.AmbientOcclusionRadiusScale:1.0]]
[2021.09.06-17.28.57:163][  0]LogConfig: Setting CVar [[r.DepthOfFieldQuality:2]]
[2021.09.06-17.28.57:163][  0]LogConfig: Setting CVar [[r.RenderTargetPoolMin:400]]
[2021.09.06-17.28.57:163][  0]LogConfig: Setting CVar [[r.LensFlareQuality:2]]
[2021.09.06-17.28.57:163][  0]LogConfig: Setting CVar [[r.SceneColorFringeQuality:1]]
[2021.09.06-17.28.57:163][  0]LogConfig: Setting CVar [[r.EyeAdaptationQuality:2]]
[2021.09.06-17.28.57:163][  0]LogConfig: Setting CVar [[r.BloomQuality:5]]
[2021.09.06-17.28.57:163][  0]LogConfig: Setting CVar [[r.FastBlurThreshold:100]]
[2021.09.06-17.28.57:163][  0]LogConfig: Setting CVar [[r.Upscale.Quality:3]]
[2021.09.06-17.28.57:163][  0]LogConfig: Setting CVar [[r.Tonemapper.GrainQuantization:1]]
[2021.09.06-17.28.57:163][  0]LogConfig: Setting CVar [[r.LightShaftQuality:1]]
[2021.09.06-17.28.57:163][  0]LogConfig: Setting CVar [[r.Filter.SizeScale:1]]
[2021.09.06-17.28.57:163][  0]LogConfig: Setting CVar [[r.Tonemapper.Quality:5]]
[2021.09.06-17.28.57:163][  0]LogConfig: Setting CVar [[r.DOF.Gather.AccumulatorQuality:1        ; higher gathering accumulator quality]]
[2021.09.06-17.28.57:163][  0]LogConfig: Setting CVar [[r.DOF.Gather.PostfilterMethod:1          ; Median3x3 postfilering method]]
[2021.09.06-17.28.57:163][  0]LogConfig: Setting CVar [[r.DOF.Gather.EnableBokehSettings:0       ; no bokeh simulation when gathering]]
[2021.09.06-17.28.57:163][  0]LogConfig: Setting CVar [[r.DOF.Gather.RingCount:4                 ; medium number of samples when gathering]]
[2021.09.06-17.28.57:163][  0]LogConfig: Setting CVar [[r.DOF.Scatter.ForegroundCompositing:1    ; additive foreground scattering]]
[2021.09.06-17.28.57:163][  0]LogConfig: Setting CVar [[r.DOF.Scatter.BackgroundCompositing:2    ; additive background scattering]]
[2021.09.06-17.28.57:163][  0]LogConfig: Setting CVar [[r.DOF.Scatter.EnableBokehSettings:1      ; bokeh simulation when scattering]]
[2021.09.06-17.28.57:163][  0]LogConfig: Setting CVar [[r.DOF.Scatter.MaxSpriteRatio:0.1         ; only a maximum of 10% of scattered bokeh]]
[2021.09.06-17.28.57:163][  0]LogConfig: Setting CVar [[r.DOF.Recombine.Quality:1                ; cheap slight out of focus]]
[2021.09.06-17.28.57:163][  0]LogConfig: Setting CVar [[r.DOF.Recombine.EnableBokehSettings:0    ; no bokeh simulation on slight out of focus]]
[2021.09.06-17.28.57:163][  0]LogConfig: Setting CVar [[r.DOF.TemporalAAQuality:1                ; more stable temporal accumulation]]
[2021.09.06-17.28.57:163][  0]LogConfig: Setting CVar [[r.DOF.Kernel.MaxForegroundRadius:0.025]]
[2021.09.06-17.28.57:163][  0]LogConfig: Setting CVar [[r.DOF.Kernel.MaxBackgroundRadius:0.025]]
[2021.09.06-17.28.57:163][  0]LogConfig: Applying CVar settings from Section [TextureQuality@3] File [C:/SSD120/Korisnik/GameDev/Unreal projects/UE4Game/FirstProject 4.27/Saved/Config/Windows/Scalability.ini]
[2021.09.06-17.28.57:163][  0]LogConfig: Setting CVar [[r.Streaming.MipBias:0]]
[2021.09.06-17.28.57:163][  0]LogConfig: Setting CVar [[r.Streaming.AmortizeCPUToGPUCopy:0]]
[2021.09.06-17.28.57:163][  0]LogConfig: Setting CVar [[r.Streaming.MaxNumTexturesToStreamPerFrame:0]]
[2021.09.06-17.28.57:163][  0]LogConfig: Setting CVar [[r.Streaming.Boost:1]]
[2021.09.06-17.28.57:163][  0]LogConfig: Setting CVar [[r.MaxAnisotropy:8]]
[2021.09.06-17.28.57:163][  0]LogConfig: Setting CVar [[r.VT.MaxAnisotropy:8]]
[2021.09.06-17.28.57:163][  0]LogConfig: Setting CVar [[r.Streaming.LimitPoolSizeToVRAM:0]]
[2021.09.06-17.28.57:163][  0]LogConfig: Setting CVar [[r.Streaming.PoolSize:1000]]
[2021.09.06-17.28.57:163][  0]LogConfig: Setting CVar [[r.Streaming.MaxEffectiveScreenSize:0]]
[2021.09.06-17.28.57:163][  0]LogConfig: Applying CVar settings from Section [EffectsQuality@3] File [C:/SSD120/Korisnik/GameDev/Unreal projects/UE4Game/FirstProject 4.27/Saved/Config/Windows/Scalability.ini]
[2021.09.06-17.28.57:163][  0]LogConfig: Setting CVar [[r.TranslucencyLightingVolumeDim:64]]
[2021.09.06-17.28.57:163][  0]LogConfig: Setting CVar [[r.RefractionQuality:2]]
[2021.09.06-17.28.57:164][  0]LogConfig: Setting CVar [[r.SSR.Quality:3]]
[2021.09.06-17.28.57:164][  0]LogConfig: Setting CVar [[r.SSR.HalfResSceneColor:0]]
[2021.09.06-17.28.57:164][  0]LogConfig: Setting CVar [[r.SceneColorFormat:4]]
[2021.09.06-17.28.57:164][  0]LogConfig: Setting CVar [[r.DetailMode:2]]
[2021.09.06-17.28.57:164][  0]LogConfig: Setting CVar [[r.TranslucencyVolumeBlur:1]]
[2021.09.06-17.28.57:164][  0]LogConfig: Setting CVar [[r.MaterialQualityLevel:1 ; High quality]]
[2021.09.06-17.28.57:164][  0]LogConfig: Setting CVar [[r.AnisotropicMaterials:1]]
[2021.09.06-17.28.57:164][  0]LogConfig: Setting CVar [[r.SSS.Scale:1]]
[2021.09.06-17.28.57:164][  0]LogConfig: Setting CVar [[r.SSS.SampleSet:2]]
[2021.09.06-17.28.57:164][  0]LogConfig: Setting CVar [[r.SSS.Quality:1]]
[2021.09.06-17.28.57:164][  0]LogConfig: Setting CVar [[r.SSS.HalfRes:0]]
[2021.09.06-17.28.57:164][  0]LogConfig: Setting CVar [[r.SSGI.Quality:3]]
[2021.09.06-17.28.57:164][  0]LogConfig: Setting CVar [[r.EmitterSpawnRateScale:1.0]]
[2021.09.06-17.28.57:164][  0]LogConfig: Setting CVar [[r.ParticleLightQuality:2]]
[2021.09.06-17.28.57:164][  0]LogConfig: Setting CVar [[r.SkyAtmosphere.AerialPerspectiveLUT.FastApplyOnOpaque:1 ; Always have FastSkyLUT 1 in this case to avoid wrong sky]]
[2021.09.06-17.28.57:164][  0]LogConfig: Setting CVar [[r.SkyAtmosphere.AerialPerspectiveLUT.SampleCountMaxPerSlice:4]]
[2021.09.06-17.28.57:164][  0]LogConfig: Setting CVar [[r.SkyAtmosphere.AerialPerspectiveLUT.DepthResolution:16.0]]
[2021.09.06-17.28.57:164][  0]LogConfig: Setting CVar [[r.SkyAtmosphere.FastSkyLUT:1]]
[2021.09.06-17.28.57:164][  0]LogConfig: Setting CVar [[r.SkyAtmosphere.FastSkyLUT.SampleCountMin:4.0]]
[2021.09.06-17.28.57:164][  0]LogConfig: Setting CVar [[r.SkyAtmosphere.FastSkyLUT.SampleCountMax:128.0]]
[2021.09.06-17.28.57:164][  0]LogConfig: Setting CVar [[r.SkyAtmosphere.SampleCountMin:4.0]]
[2021.09.06-17.28.57:164][  0]LogConfig: Setting CVar [[r.SkyAtmosphere.SampleCountMax:128.0]]
[2021.09.06-17.28.57:164][  0]LogConfig: Setting CVar [[r.SkyAtmosphere.TransmittanceLUT.UseSmallFormat:0]]
[2021.09.06-17.28.57:164][  0]LogConfig: Setting CVar [[r.SkyAtmosphere.TransmittanceLUT.SampleCount:10.0]]
[2021.09.06-17.28.57:164][  0]LogConfig: Setting CVar [[r.SkyAtmosphere.MultiScatteringLUT.SampleCount:15.0]]
[2021.09.06-17.28.57:164][  0]LogConfig: Setting CVar [[r.SkyLight.RealTimeReflectionCapture:1]]
[2021.09.06-17.28.57:164][  0]LogConfig: Applying CVar settings from Section [FoliageQuality@3] File [C:/SSD120/Korisnik/GameDev/Unreal projects/UE4Game/FirstProject 4.27/Saved/Config/Windows/Scalability.ini]
[2021.09.06-17.28.57:164][  0]LogConfig: Setting CVar [[foliage.DensityScale:1.0]]
[2021.09.06-17.28.57:164][  0]LogConfig: Setting CVar [[grass.DensityScale:1.0]]
[2021.09.06-17.28.57:164][  0]LogConfig: Applying CVar settings from Section [ShadingQuality@3] File [C:/SSD120/Korisnik/GameDev/Unreal projects/UE4Game/FirstProject 4.27/Saved/Config/Windows/Scalability.ini]
[2021.09.06-17.28.57:164][  0]LogConfig: Setting CVar [[r.HairStrands.SkyLighting.IntegrationType:2]]
[2021.09.06-17.28.57:164][  0]LogConfig: Setting CVar [[r.HairStrands.SkyAO.SampleCount:4]]
[2021.09.06-17.28.57:164][  0]LogConfig: Setting CVar [[r.HairStrands.Visibility.MSAA.SamplePerPixel:4]]
[2021.09.06-17.28.57:164][  0]LogInit: Selected Device Profile: [Windows]
[2021.09.06-17.28.57:164][  0]LogInit: Applying CVar settings loaded from the selected device profile: [Windows]
[2021.09.06-17.28.57:164][  0]LogHAL: Display: Platform has ~ 8 GB [8458141696 / 8589934592 / 8], which maps to Default [LargestMinGB=32, LargerMinGB=12, DefaultMinGB=8, SmallerMinGB=6, SmallestMinGB=0)
[2021.09.06-17.28.57:164][  0]LogInit: Going up to parent DeviceProfile []
[2021.09.06-17.28.57:164][  0]LogConfig: Applying CVar settings from Section [ViewDistanceQuality@3] File [C:/SSD120/Korisnik/GameDev/Unreal projects/UE4Game/FirstProject 4.27/Saved/Config/Windows/Scalability.ini]
[2021.09.06-17.28.57:165][  0]LogConfig: Setting CVar [[r.SkeletalMeshLODBias:0]]
[2021.09.06-17.28.57:165][  0]LogConfig: Setting CVar [[r.ViewDistanceScale:1.0]]
[2021.09.06-17.28.57:165][  0]LogConfig: Applying CVar settings from Section [AntiAliasingQuality@3] File [C:/SSD120/Korisnik/GameDev/Unreal projects/UE4Game/FirstProject 4.27/Saved/Config/Windows/Scalability.ini]
[2021.09.06-17.28.57:165][  0]LogConfig: Setting CVar [[r.PostProcessAAQuality:4]]
[2021.09.06-17.28.57:165][  0]LogConfig: Applying CVar settings from Section [ShadowQuality@3] File [C:/SSD120/Korisnik/GameDev/Unreal projects/UE4Game/FirstProject 4.27/Saved/Config/Windows/Scalability.ini]
[2021.09.06-17.28.57:165][  0]LogConfig: Setting CVar [[r.LightFunctionQuality:1]]
[2021.09.06-17.28.57:165][  0]LogConfig: Setting CVar [[r.ShadowQuality:5]]
[2021.09.06-17.28.57:165][  0]LogConfig: Setting CVar [[r.Shadow.CSM.MaxCascades:10]]
[2021.09.06-17.28.57:165][  0]LogConfig: Setting CVar [[r.Shadow.MaxResolution:2048]]
[2021.09.06-17.28.57:165][  0]LogConfig: Setting CVar [[r.Shadow.MaxCSMResolution:2048]]
[2021.09.06-17.28.57:165][  0]LogConfig: Setting CVar [[r.Shadow.RadiusThreshold:0.01]]
[2021.09.06-17.28.57:165][  0]LogConfig: Setting CVar [[r.Shadow.DistanceScale:1.0]]
[2021.09.06-17.28.57:165][  0]LogConfig: Setting CVar [[r.Shadow.CSM.TransitionScale:1.0]]
[2021.09.06-17.28.57:165][  0]LogConfig: Setting CVar [[r.Shadow.PreShadowResolutionFactor:1.0]]
[2021.09.06-17.28.57:165][  0]LogConfig: Setting CVar [[r.DistanceFieldShadowing:1]]
[2021.09.06-17.28.57:165][  0]LogConfig: Setting CVar [[r.DistanceFieldAO:1]]
[2021.09.06-17.28.57:165][  0]LogConfig: Setting CVar [[r.AOQuality:2]]
[2021.09.06-17.28.57:165][  0]LogConfig: Setting CVar [[r.VolumetricFog:1]]
[2021.09.06-17.28.57:165][  0]LogConfig: Setting CVar [[r.VolumetricFog.GridPixelSize:8]]
[2021.09.06-17.28.57:165][  0]LogConfig: Setting CVar [[r.VolumetricFog.GridSizeZ:128]]
[2021.09.06-17.28.57:165][  0]LogConfig: Setting CVar [[r.VolumetricFog.HistoryMissSupersampleCount:4]]
[2021.09.06-17.28.57:166][  0]LogConfig: Setting CVar [[r.LightMaxDrawDistanceScale:1]]
[2021.09.06-17.28.57:166][  0]LogConfig: Setting CVar [[r.CapsuleShadows:1]]
[2021.09.06-17.28.57:166][  0]LogConfig: Applying CVar settings from Section [PostProcessQuality@3] File [C:/SSD120/Korisnik/GameDev/Unreal projects/UE4Game/FirstProject 4.27/Saved/Config/Windows/Scalability.ini]
[2021.09.06-17.28.57:166][  0]LogConfig: Setting CVar [[r.MotionBlurQuality:4]]
[2021.09.06-17.28.57:166][  0]LogConfig: Setting CVar [[r.AmbientOcclusionMipLevelFactor:0.4]]
[2021.09.06-17.28.57:166][  0]LogConfig: Setting CVar [[r.AmbientOcclusionMaxQuality:100]]
[2021.09.06-17.28.57:166][  0]LogConfig: Setting CVar [[r.AmbientOcclusionLevels:-1]]
[2021.09.06-17.28.57:166][  0]LogConfig: Setting CVar [[r.AmbientOcclusionRadiusScale:1.0]]
[2021.09.06-17.28.57:166][  0]LogConfig: Setting CVar [[r.DepthOfFieldQuality:2]]
[2021.09.06-17.28.57:166][  0]LogConfig: Setting CVar [[r.RenderTargetPoolMin:400]]
[2021.09.06-17.28.57:166][  0]LogConfig: Setting CVar [[r.LensFlareQuality:2]]
[2021.09.06-17.28.57:166][  0]LogConfig: Setting CVar [[r.SceneColorFringeQuality:1]]
[2021.09.06-17.28.57:166][  0]LogConfig: Setting CVar [[r.EyeAdaptationQuality:2]]
[2021.09.06-17.28.57:166][  0]LogConfig: Setting CVar [[r.BloomQuality:5]]
[2021.09.06-17.28.57:166][  0]LogConfig: Setting CVar [[r.FastBlurThreshold:100]]
[2021.09.06-17.28.57:166][  0]LogConfig: Setting CVar [[r.Upscale.Quality:3]]
[2021.09.06-17.28.57:166][  0]LogConfig: Setting CVar [[r.Tonemapper.GrainQuantization:1]]
[2021.09.06-17.28.57:166][  0]LogConfig: Setting CVar [[r.LightShaftQuality:1]]
[2021.09.06-17.28.57:166][  0]LogConfig: Setting CVar [[r.Filter.SizeScale:1]]
[2021.09.06-17.28.57:166][  0]LogConfig: Setting CVar [[r.Tonemapper.Quality:5]]
[2021.09.06-17.28.57:166][  0]LogConfig: Setting CVar [[r.DOF.Gather.AccumulatorQuality:1        ; higher gathering accumulator quality]]
[2021.09.06-17.28.57:167][  0]LogConfig: Setting CVar [[r.DOF.Gather.PostfilterMethod:1          ; Median3x3 postfilering method]]
[2021.09.06-17.28.57:167][  0]LogConfig: Setting CVar [[r.DOF.Gather.EnableBokehSettings:0       ; no bokeh simulation when gathering]]
[2021.09.06-17.28.57:167][  0]LogConfig: Setting CVar [[r.DOF.Gather.RingCount:4                 ; medium number of samples when gathering]]
[2021.09.06-17.28.57:167][  0]LogConfig: Setting CVar [[r.DOF.Scatter.ForegroundCompositing:1    ; additive foreground scattering]]
[2021.09.06-17.28.57:167][  0]LogConfig: Setting CVar [[r.DOF.Scatter.BackgroundCompositing:2    ; additive background scattering]]
[2021.09.06-17.28.57:167][  0]LogConfig: Setting CVar [[r.DOF.Scatter.EnableBokehSettings:1      ; bokeh simulation when scattering]]
[2021.09.06-17.28.57:167][  0]LogConfig: Setting CVar [[r.DOF.Scatter.MaxSpriteRatio:0.1         ; only a maximum of 10% of scattered bokeh]]
[2021.09.06-17.28.57:167][  0]LogConfig: Setting CVar [[r.DOF.Recombine.Quality:1                ; cheap slight out of focus]]
[2021.09.06-17.28.57:167][  0]LogConfig: Setting CVar [[r.DOF.Recombine.EnableBokehSettings:0    ; no bokeh simulation on slight out of focus]]
[2021.09.06-17.28.57:167][  0]LogConfig: Setting CVar [[r.DOF.TemporalAAQuality:1                ; more stable temporal accumulation]]
[2021.09.06-17.28.57:168][  0]LogConfig: Setting CVar [[r.DOF.Kernel.MaxForegroundRadius:0.025]]
[2021.09.06-17.28.57:168][  0]LogConfig: Setting CVar [[r.DOF.Kernel.MaxBackgroundRadius:0.025]]
[2021.09.06-17.28.57:168][  0]LogConfig: Applying CVar settings from Section [TextureQuality@3] File [C:/SSD120/Korisnik/GameDev/Unreal projects/UE4Game/FirstProject 4.27/Saved/Config/Windows/Scalability.ini]
[2021.09.06-17.28.57:168][  0]LogConfig: Setting CVar [[r.Streaming.MipBias:0]]
[2021.09.06-17.28.57:168][  0]LogConfig: Setting CVar [[r.Streaming.AmortizeCPUToGPUCopy:0]]
[2021.09.06-17.28.57:168][  0]LogConfig: Setting CVar [[r.Streaming.MaxNumTexturesToStreamPerFrame:0]]
[2021.09.06-17.28.57:168][  0]LogConfig: Setting CVar [[r.Streaming.Boost:1]]
[2021.09.06-17.28.57:169][  0]LogConfig: Setting CVar [[r.MaxAnisotropy:8]]
[2021.09.06-17.28.57:169][  0]LogConfig: Setting CVar [[r.VT.MaxAnisotropy:8]]
[2021.09.06-17.28.57:169][  0]LogConfig: Setting CVar [[r.Streaming.LimitPoolSizeToVRAM:0]]
[2021.09.06-17.28.57:169][  0]LogConfig: Setting CVar [[r.Streaming.PoolSize:1000]]
[2021.09.06-17.28.57:169][  0]LogConfig: Setting CVar [[r.Streaming.MaxEffectiveScreenSize:0]]
[2021.09.06-17.28.57:169][  0]LogConfig: Applying CVar settings from Section [EffectsQuality@3] File [C:/SSD120/Korisnik/GameDev/Unreal projects/UE4Game/FirstProject 4.27/Saved/Config/Windows/Scalability.ini]
[2021.09.06-17.28.57:169][  0]LogConfig: Setting CVar [[r.TranslucencyLightingVolumeDim:64]]
[2021.09.06-17.28.57:169][  0]LogConfig: Setting CVar [[r.RefractionQuality:2]]
[2021.09.06-17.28.57:169][  0]LogConfig: Setting CVar [[r.SSR.Quality:3]]
[2021.09.06-17.28.57:169][  0]LogConfig: Setting CVar [[r.SSR.HalfResSceneColor:0]]
[2021.09.06-17.28.57:169][  0]LogConfig: Setting CVar [[r.SceneColorFormat:4]]
[2021.09.06-17.28.57:169][  0]LogConfig: Setting CVar [[r.DetailMode:2]]
[2021.09.06-17.28.57:169][  0]LogConfig: Setting CVar [[r.TranslucencyVolumeBlur:1]]
[2021.09.06-17.28.57:169][  0]LogConfig: Setting CVar [[r.MaterialQualityLevel:1 ; High quality]]
[2021.09.06-17.28.57:170][  0]LogConfig: Setting CVar [[r.AnisotropicMaterials:1]]
[2021.09.06-17.28.57:170][  0]LogConfig: Setting CVar [[r.SSS.Scale:1]]
[2021.09.06-17.28.57:170][  0]LogConfig: Setting CVar [[r.SSS.SampleSet:2]]
[2021.09.06-17.28.57:170][  0]LogConfig: Setting CVar [[r.SSS.Quality:1]]
[2021.09.06-17.28.57:170][  0]LogConfig: Setting CVar [[r.SSS.HalfRes:0]]
[2021.09.06-17.28.57:170][  0]LogConfig: Setting CVar [[r.SSGI.Quality:3]]
[2021.09.06-17.28.57:170][  0]LogConfig: Setting CVar [[r.EmitterSpawnRateScale:1.0]]
[2021.09.06-17.28.57:170][  0]LogConfig: Setting CVar [[r.ParticleLightQuality:2]]
[2021.09.06-17.28.57:170][  0]LogConfig: Setting CVar [[r.SkyAtmosphere.AerialPerspectiveLUT.FastApplyOnOpaque:1 ; Always have FastSkyLUT 1 in this case to avoid wrong sky]]
[2021.09.06-17.28.57:170][  0]LogConfig: Setting CVar [[r.SkyAtmosphere.AerialPerspectiveLUT.SampleCountMaxPerSlice:4]]
[2021.09.06-17.28.57:170][  0]LogConfig: Setting CVar [[r.SkyAtmosphere.AerialPerspectiveLUT.DepthResolution:16.0]]
[2021.09.06-17.28.57:170][  0]LogConfig: Setting CVar [[r.SkyAtmosphere.FastSkyLUT:1]]
[2021.09.06-17.28.57:170][  0]LogConfig: Setting CVar [[r.SkyAtmosphere.FastSkyLUT.SampleCountMin:4.0]]
[2021.09.06-17.28.57:170][  0]LogConfig: Setting CVar [[r.SkyAtmosphere.FastSkyLUT.SampleCountMax:128.0]]
[2021.09.06-17.28.57:170][  0]LogConfig: Setting CVar [[r.SkyAtmosphere.SampleCountMin:4.0]]
[2021.09.06-17.28.57:170][  0]LogConfig: Setting CVar [[r.SkyAtmosphere.SampleCountMax:128.0]]
[2021.09.06-17.28.57:170][  0]LogConfig: Setting CVar [[r.SkyAtmosphere.TransmittanceLUT.UseSmallFormat:0]]
[2021.09.06-17.28.57:170][  0]LogConfig: Setting CVar [[r.SkyAtmosphere.TransmittanceLUT.SampleCount:10.0]]
[2021.09.06-17.28.57:170][  0]LogConfig: Setting CVar [[r.SkyAtmosphere.MultiScatteringLUT.SampleCount:15.0]]
[2021.09.06-17.28.57:170][  0]LogConfig: Setting CVar [[r.SkyLight.RealTimeReflectionCapture:1]]
[2021.09.06-17.28.57:170][  0]LogConfig: Applying CVar settings from Section [FoliageQuality@3] File [C:/SSD120/Korisnik/GameDev/Unreal projects/UE4Game/FirstProject 4.27/Saved/Config/Windows/Scalability.ini]
[2021.09.06-17.28.57:170][  0]LogConfig: Setting CVar [[foliage.DensityScale:1.0]]
[2021.09.06-17.28.57:170][  0]LogConfig: Setting CVar [[grass.DensityScale:1.0]]
[2021.09.06-17.28.57:170][  0]LogConfig: Applying CVar settings from Section [ShadingQuality@3] File [C:/SSD120/Korisnik/GameDev/Unreal projects/UE4Game/FirstProject 4.27/Saved/Config/Windows/Scalability.ini]
[2021.09.06-17.28.57:170][  0]LogConfig: Setting CVar [[r.HairStrands.SkyLighting.IntegrationType:2]]
[2021.09.06-17.28.57:170][  0]LogConfig: Setting CVar [[r.HairStrands.SkyAO.SampleCount:4]]
[2021.09.06-17.28.57:170][  0]LogConfig: Setting CVar [[r.HairStrands.Visibility.MSAA.SamplePerPixel:4]]
[2021.09.06-17.28.57:170][  0]LogConfig: Applying CVar settings from Section [Startup] File [../../../Engine/Config/ConsoleVariables.ini]
[2021.09.06-17.28.57:171][  0]LogConfig: Setting CVar [[net.UseAdaptiveNetUpdateFrequency:0]]
[2021.09.06-17.28.57:171][  0]LogConfig: Setting CVar [[p.chaos.AllowCreatePhysxBodies:1]]
[2021.09.06-17.28.57:171][  0]LogConfig: Setting CVar [[fx.SkipVectorVMBackendOptimizations:1]]
[2021.09.06-17.28.57:171][  0]LogConfig: Applying CVar settings from Section [ConsoleVariables] File [C:/SSD120/Korisnik/GameDev/Unreal projects/UE4Game/FirstProject 4.27/Saved/Config/Windows/Engine.ini]
[2021.09.06-17.28.57:171][  0]LogConfig: Applying CVar settings from Section [ConsoleVariables] File [C:/SSD120/Korisnik/GameDev/Unreal projects/UE4Game/FirstProject 4.27/Saved/Config/Windows/Editor.ini]
[2021.09.06-17.28.57:171][  0]LogInit: Computer: DESKTOP-UGMOOO0
[2021.09.06-17.28.57:171][  0]LogInit: User: Vukasin
[2021.09.06-17.28.57:171][  0]LogInit: CPU Page size=4096, Cores=2
[2021.09.06-17.28.57:171][  0]LogInit: High frequency timer resolution =10.000000 MHz
[2021.09.06-17.28.57:172][  0]LogMemory: Memory total: Physical=7.9GB (8GB approx)
[2021.09.06-17.28.57:172][  0]LogMemory: Platform Memory Stats for Windows
[2021.09.06-17.28.57:172][  0]LogMemory: Process Physical Memory: 137.47 MB used, 137.47 MB peak
[2021.09.06-17.28.57:172][  0]LogMemory: Process Virtual Memory: 114.85 MB used, 114.85 MB peak
[2021.09.06-17.28.57:172][  0]LogMemory: Physical Memory: 6193.73 MB used,  1872.59 MB free, 8066.31 MB total
[2021.09.06-17.28.57:172][  0]LogMemory: Virtual Memory: 134214368.00 MB used,  3359.97 MB free, 134217728.00 MB total
[2021.09.06-17.28.57:181][  0]LogWindows: WindowsPlatformFeatures enabled
[2021.09.06-17.28.57:218][  0]LogInit: Physics initialised using underlying interface: PhysX
[2021.09.06-17.28.57:218][  0]LogInit: Using OS detected language (en-US).
[2021.09.06-17.28.57:218][  0]LogInit: Using OS detected locale (en-US).
[2021.09.06-17.28.57:221][  0]LogTextLocalizationManager: No specific localization for 'en-US' exists, so the 'en' localization will be used.
[2021.09.06-17.28.57:539][  0]LogWindowsTextInputMethodSystem: Display: IME system deactivated.
[2021.09.06-17.28.57:568][  0]LogSlate: New Slate User Created.  User Index 0, Is Virtual User: 0
[2021.09.06-17.28.57:568][  0]LogSlate: Slate User Registered.  User Index 0, Is Virtual User: 0
[2021.09.06-17.28.57:603][  0]LogD3D11RHI: Loaded GFSDK_Aftermath_Lib.x64.dll
[2021.09.06-17.28.57:613][  0]LogHMD: Failed to initialize OpenVR with code 110
[2021.09.06-17.28.57:613][  0]LogD3D11RHI: D3D11 min allowed feature level: 11_0
[2021.09.06-17.28.57:613][  0]LogD3D11RHI: D3D11 max allowed feature level: 11_0
[2021.09.06-17.28.57:613][  0]LogD3D11RHI: D3D11 adapters:
[2021.09.06-17.28.57:675][  0]LogD3D11RHI:    0. 'AMD Radeon (TM) R5 M330' (Feature Level 11_0)
[2021.09.06-17.28.57:676][  0]LogD3D11RHI:       2039/0/4033 MB DedicatedVideo/DedicatedSystem/SharedSystem, Outputs:1, VendorId:0x1002
[2021.09.06-17.28.57:687][  0]LogD3D11RHI:    1. 'Intel(R) HD Graphics 620' (Feature Level 11_0)
[2021.09.06-17.28.57:687][  0]LogD3D11RHI:       128/0/4033 MB DedicatedVideo/DedicatedSystem/SharedSystem, Outputs:0, VendorId:0x8086
[2021.09.06-17.28.57:695][  0]LogD3D11RHI:    2. 'Microsoft Basic Render Driver' (Feature Level 11_0)
[2021.09.06-17.28.57:695][  0]LogD3D11RHI:       0/0/4033 MB DedicatedVideo/DedicatedSystem/SharedSystem, Outputs:0, VendorId:0x1414
[2021.09.06-17.28.57:695][  0]LogD3D11RHI: Chosen D3D11 Adapter: 0
[2021.09.06-17.28.57:704][  0]LogD3D11RHI: Creating new Direct3DDevice
[2021.09.06-17.28.57:704][  0]LogD3D11RHI:     GPU DeviceId: 0x6660 (for the marketing name, search the web for "GPU Device Id")
[2021.09.06-17.28.57:704][  0]LogWindows: EnumDisplayDevices:
[2021.09.06-17.28.57:704][  0]LogWindows:    0. 'Intel(R) HD Graphics 620' (P:1 D:1)
[2021.09.06-17.28.57:705][  0]LogWindows:    1. 'Intel(R) HD Graphics 620' (P:0 D:0)
[2021.09.06-17.28.57:705][  0]LogWindows:    2. 'Intel(R) HD Graphics 620' (P:0 D:0)
[2021.09.06-17.28.57:705][  0]LogWindows: DebugString: PrimaryIsNotTheChoosenAdapter PrimaryIsNotTheChoosenAdapter PrimaryIsNotTheChoosenAdapter FoundDriverCount:0 
[2021.09.06-17.28.57:705][  0]LogD3D11RHI:     Adapter Name: AMD Radeon (TM) R5 M330
[2021.09.06-17.28.57:705][  0]LogD3D11RHI:   Driver Version: Unknown (internal:Unknown, unified:Unknown)
[2021.09.06-17.28.57:705][  0]LogD3D11RHI:      Driver Date: Unknown
[2021.09.06-17.28.57:705][  0]LogRHI: Texture pool is 1213 MB (70% of 1733 MB)
[2021.09.06-17.28.57:761][  0]LogD3D11RHI: Created device via AGS, feature level 11_0, supported extensions 1fffffbf.
[2021.09.06-17.28.57:762][  0]LogD3D11RHI: RHI has support for 64 bit atomics
[2021.09.06-17.28.57:762][  0]LogD3D11RHI: Async texture creation enabled
[2021.09.06-17.28.57:762][  0]LogD3D11RHI: Array index from any shader is supported
[2021.09.06-17.28.57:792][  0]LogD3D11RHI: GPU Timing Frequency: 27.000000 (Debug: 2 1)
[2021.09.06-17.28.58:404][  0]LogTargetPlatformManager: Display: Loaded TargetPlatform 'WindowsNoEditor'
[2021.09.06-17.28.58:410][  0]LogTargetPlatformManager: Display: Loaded TargetPlatform 'Windows'
[2021.09.06-17.28.58:418][  0]LogTargetPlatformManager: Display: Loaded TargetPlatform 'WindowsClient'
[2021.09.06-17.28.58:426][  0]LogTargetPlatformManager: Display: Loaded TargetPlatform 'WindowsServer'
[2021.09.06-17.28.58:426][  0]LogTargetPlatformManager: Display: Building Assets For Windows
[2021.09.06-17.28.58:439][  0]LogAudioDebug: Display: Lib vorbis DLL was dynamically loaded.
[2021.09.06-17.28.58:488][  0]LogTextureFormatOodle: Display: Oodle Texture 2.9.0 init RDO Off
[2021.09.06-17.28.58:535][  0]LogRendererCore: Ray tracing is disabled. Reason: r.RayTracing=0.
[2021.09.06-17.28.58:535][  0]LogShaderCompilers: Guid format shader working directory is -36 characters bigger than the processId version (../../../../../../SSD120/Korisnik/GameDev/Unreal projects/UE4Game/FirstProject 4.27/Intermediate/Shaders/WorkingDirectory/10472/).
[2021.09.06-17.28.58:536][  0]LogShaderCompilers: Cleaned the shader compiler working directory 'C:/Users/Vukasin/AppData/Local/Temp/UnrealShaderWorkingDir/A2D93B90405D6286A5776BBC4A103984/'.
[2021.09.06-17.28.58:536][  0]LogXGEController: Cannot use XGE Controller as Incredibuild is not installed on this machine.
[2021.09.06-17.28.58:536][  0]LogShaderCompilers: Cannot use XGE Shader Compiler as Incredibuild is not installed on this machine.
[2021.09.06-17.28.58:536][  0]LogShaderCompilers: Display: Using Local Shader Compiler.
[2021.09.06-17.28.59:947][  0]LogDerivedDataCache: Display: Max Cache Size: 512 MB
[2021.09.06-17.29.00:050][  0]LogDerivedDataCache: Loaded boot cache 0.10s 95MB C:/Users/Vukasin/AppData/Local/UnrealEngine/4.27/DerivedDataCache/Boot.ddc.
[2021.09.06-17.29.00:050][  0]LogDerivedDataCache: Display: Loaded Boot cache: C:/Users/Vukasin/AppData/Local/UnrealEngine/4.27/DerivedDataCache/Boot.ddc
[2021.09.06-17.29.00:050][  0]LogDerivedDataCache: FDerivedDataBackendGraph:  Pak pak cache file ../../../../../../SSD120/Korisnik/GameDev/Unreal projects/UE4Game/FirstProject 4.27/DerivedDataCache/DDC.ddp not found, will not use a pak cache.
[2021.09.06-17.29.00:050][  0]LogDerivedDataCache: Unable to find inner node Pak for hierarchical cache Hierarchy.
[2021.09.06-17.29.00:050][  0]LogDerivedDataCache: FDerivedDataBackendGraph:  CompressedPak pak cache file ../../../../../../SSD120/Korisnik/GameDev/Unreal projects/UE4Game/FirstProject 4.27/DerivedDataCache/Compressed.ddp not found, will not use a pak cache.
[2021.09.06-17.29.00:050][  0]LogDerivedDataCache: Unable to find inner node CompressedPak for hierarchical cache Hierarchy.
[2021.09.06-17.29.00:075][  0]LogDerivedDataCache: Display: Pak cache opened for reading ../../../Engine/DerivedDataCache/Compressed.ddp.
[2021.09.06-17.29.00:076][  0]LogDerivedDataCache: FDerivedDataBackendGraph:  EnterprisePak pak cache file ../../../Enterprise/DerivedDataCache/Compressed.ddp not found, will not use a pak cache.
[2021.09.06-17.29.00:076][  0]LogDerivedDataCache: Unable to find inner node EnterprisePak for hierarchical cache Hierarchy.
[2021.09.06-17.29.00:089][  0]LogDerivedDataCache: Speed tests for C:/Users/Vukasin/AppData/Local/UnrealEngine/Common/DerivedDataCache took 0.01 seconds
[2021.09.06-17.29.00:089][  0]LogDerivedDataCache: Display: Performance to C:/Users/Vukasin/AppData/Local/UnrealEngine/Common/DerivedDataCache: Latency=0.02ms. RandomReadSpeed=251.21MBs, RandomWriteSpeed=97.14MBs. Assigned SpeedClass 'Local'
[2021.09.06-17.29.00:091][  0]LogDerivedDataCache: Using Local data cache path C:/Users/Vukasin/AppData/Local/UnrealEngine/Common/DerivedDataCache: Writable
[2021.09.06-17.29.00:091][  0]LogDerivedDataCache: Shared data cache path not found in *engine.ini, will not use an Shared cache.
[2021.09.06-17.29.00:091][  0]LogDerivedDataCache: Unable to find inner node Shared for hierarchical cache Hierarchy.
[2021.09.06-17.29.00:169][  0]LogSlate: Using FreeType 2.10.0
[2021.09.06-17.29.00:170][  0]LogSlate: SlateFontServices - WITH_FREETYPE: 1, WITH_HARFBUZZ: 1
[2021.09.06-17.29.00:327][  0]LogInit: Using OS detected language (en-US).
[2021.09.06-17.29.00:327][  0]LogInit: Using OS detected locale (en-US).
[2021.09.06-17.29.00:327][  0]LogTextLocalizationManager: No localization for 'en-US' exists, so 'en' will be used for the language.
[2021.09.06-17.29.00:327][  0]LogTextLocalizationManager: No localization for 'en-US' exists, so 'en' will be used for the locale.
[2021.09.06-17.29.00:327][  0]LogSlate: FontCache flush requested. Reason: Culture for localization was changed
[2021.09.06-17.29.00:327][  0]LogSlate: FontCache flush requested. Reason: Culture for localization was changed
[2021.09.06-17.29.00:334][  0]LogAssetRegistry: FAssetRegistry took 0.0044 seconds to start up
[2021.09.06-17.29.00:625][  0]LogTextLocalizationManager: Compacting localization data took   0.00ms
[2021.09.06-17.29.00:625][  0]LogPackageLocalizationCache: Processed 27 localized package path(s) for 1 prioritized culture(s) in 0.001303 seconds
[2021.09.06-17.29.00:759][  0]LogInit: Selected Device Profile: [Windows]
[2021.09.06-17.29.00:759][  0]LogInit: Active device profile: [000002631E883A00][00000263150E5A40 49] Windows
[2021.09.06-17.29.00:760][  0]LogInit: Profiles: [000002631E883A00][00000263150E5A40 49] Windows, [000002631E83C700][00000263150EDBC0 49] WindowsNoEditor, [000002631E880800][00000263150E8180 49] WindowsServer, [000002631E83F200][00000263150F02C0 49] WindowsClient, [000002631E883100][00000263150F4400 49] IOS, [000002631E83D100][00000263150F8540 49] iPadAir, [000002631E881000][00000263151006C0 49] iPadAir2, [000002631E7EC200][0000026315108980 49] IPadPro, [000002631E7DFF00][00000263151049C0 49] iPadAir3, [000002631E882C00][000002631510CB40 49] iPadAir4, [000002631E7DCD00][0000026315110CC0 49] iPadMini2, [000002631E881400][00000263156CAE40 49] iPadMini3, [000002631E7DED00][00000263156CEFC0 49] iPadMini4, [000002631E882400][00000263156D3140 49] iPadMini5, [000002631E83EB00][00000263156DB400 49] iPhone6, [000002631E83EA00][00000263156D7440 49] iPodTouch6, [000002631E7DD000][00000263156E3700 49] iPhone7, [000002631E7DD100][00000263156DF740 49] iPodTouch7, [000002631E83F300][00000263156E78C0 49] iPhone5S, [000002631E7DF600][00000263156EBA40 49] iPhone6Plus, [000002631E83D400][00000263156EFBC0 49] iPhone6S, [000002631E7DE000][00000263156F21C0 49] iPhone6SPlus, [000002631E83CF00][00000263156F6340 49] iPhone7Plus, [000002631E7DC700][00000263150FC480 49] iPhoneSE, [000002631E83DB00][00000263156FA5C0 49] iPhone8, [000002631E7DD900][00000263156FE700 49] iPhone8Plus, [000002631E83C300][0000026315706880 49] iPhoneX, [000002631E7DC300][000002631570AA00 49] iPhoneXS, [000002631E83DD00][000002631570EB80 49] iPhoneXSMax, [000002631E7DF000][0000026315712D00 49] iPhoneXR, [000002631E83D600][0000026315716E80 49] iPhone11, [000002631E7DEC00][000002631571B000 49] iPhone11Pro, [000002631E83EC00][000002631571F180 49] iPhone11ProMax, [000002631E7DF400][0000026315723300 49] iPhoneSE2, [000002631E83F900][0000026315727480 49] iPhone12Mini, [000002631E7DDE00][000002631572B600 49] iPhone12, [000002631E83F000][000002631572F780 49] iPhone12Pro, [000002631E7DDA00][0000026315733900 49] iPhone12ProMax, [000002631E83E700][0000026315737A80 49] iPadPro105, [000002631E7DC500][000002631573BC00 49] iPadPro129, [000002631E83C100][000002631573E200 49] iPadPro97, [000002631E7DF100][0000026315742380 49] iPadPro2_129, [000002631E83D000][0000026315746500 49] iPad5, [000002631E7DDD00][0000026315702640 49] iPad6, [000002631E83C400][000002631574A780 49] iPad7, [000002631E7DC600][000002631574E8C0 49] iPad8, [000002631E83D300][0000026315756A40 49] iPadPro11, [000002631E7DF800][000002631575ABC0 49] iPadPro2_11, [000002631E83F800][00000263186F0D40 49] iPadPro3_129, [000002631E7DEF00][00000263186F4EC0 49] iPadPro4_129, [000002631E83E900][00000263186F9040 49] AppleTV, [000002631E7DF900][00000263186FD1C0 49] AppleTV4K, [000002631E83E400][0000026318701340 49] TVOS, [000002631E7DD800][00000263187054C0 49] Mac, [000002631E83E000][0000026318709640 49] MacClient, [000002631E7DD300][000002631870D7C0 49] MacNoEditor, [000002631E83E800][0000026318711940 49] MacServer, [000002631E7DC900][0000026318715AC0 49] Linux, [000002631E83CD00][00000263187180C0 49] LinuxAArch64, [000002631E7DE300][000002631871C240 49] LinuxNoEditor, [000002631E83DA00][00000263187203C0 49] LinuxAArch64NoEditor, [000002631E7DEB00][0000026318724540 49] LinuxClient, [000002631E8BE000][00000263187286C0 49] LinuxAArch64Client, [000002631E7EC500][0000026315752800 49] LinuxServer, [000002631E8BE300][000002631872C940 49] LinuxAArch64Server, [000002631E7EC900][0000026318730A80 49] Android, [000002631E8BDB00][0000026318734BC0 49] Android_Low, [000002631E7ECC00][000002631873CD40 49] Android_Mid, [000002631E8BC400][0000026318740EC0 49] Android_High, [000002631E7EE900][0000026318745040 49] Android_Default, [000002631E8BD400][00000263187491C0 49] Android_Adreno4xx, [000002631E7ED600][000002631874D340 49] Android_Adreno5xx_Low, [000002631E8BE500][00000263187514C0 49] Android_Adreno5xx, [000002631E7EF300][0000026318755640 49] Android_Adreno6xx, [000002631E8BC300][00000263187597C0 49] Android_Adreno6xx_Vulkan, [000002631E7EED00][000002631875D940 49] Android_Mali_T6xx, [000002631E8BEA00][0000026318761AC0 49] Android_Mali_T7xx, [000002631E7EFE00][00000263187640C0 49] Android_Mali_T8xx, [000002631E8BE200][0000026318768240 49] Android_Mali_G71, [000002631E7EE600][000002631876C3C0 49] Android_Mali_G72, [000002631E8BE100][0000026318770540 49] Android_Mali_G72_Vulkan, [000002631E7EE400][00000263187746C0 49] Android_Mali_G76, [000002631E8BC900][0000026318778840 49] Android_Mali_G76_Vulkan, [000002631E7EC600][0000026318738980 49] Android_Mali_G77, [000002631E8BC700][000002631877CAC0 49] Android_Mali_G77_Vulkan, [000002631E7EF000][0000026318780C00 49] Android_Mali_G78, [000002631E7DCE00][0000026318784D40 49] Android_Mali_G78_Vulkan, [000002631E83C500][000002631878CEC0 49] Android_Mali_G710, [000002631E7DE400][0000026318791040 49] Android_Mali_G710_Vulkan, [000002631E83CA00][00000263187951C0 49] Android_Vulkan_SM5, [000002631E7DF700][0000026318799340 49] Android_PowerVR_G6xxx, [000002631E83CE00][000002631879D4C0 49] Android_PowerVR_GT7xxx, [000002631E8BEB00][00000263187A1640 49] Android_PowerVR_GE8xxx, [000002631E83F600][00000263187A57C0 49] Android_PowerVR_GM9xxx, [000002631E8BE700][00000263187A9940 49] Android_PowerVR_GM9xxx_Vulkan, [000002631E83ED00][00000263187ADAC0 49] Android_TegraK1, [000002631E8BDF00][00000263187B00C0 49] Android_Unknown_Vulkan, [000002631E83E500][00000263187B4240 49] Lumin, [000002631E8BD700][00000263187B83C0 49] Lumin_Desktop, [000002631E83EE00][00000263187BC540 49] HoloLens, 
[2021.09.06-17.29.00:823][  0]LogMeshReduction: Using QuadricMeshReduction for automatic static mesh reduction
[2021.09.06-17.29.00:823][  0]LogMeshReduction: Using SimplygonMeshReduction for automatic skeletal mesh reduction
[2021.09.06-17.29.00:823][  0]LogMeshReduction: Using ProxyLODMeshReduction for automatic mesh merging
[2021.09.06-17.29.00:823][  0]LogMeshReduction: No distributed automatic mesh merging module available
[2021.09.06-17.29.00:823][  0]LogMeshMerging: No distributed automatic mesh merging module available
[2021.09.06-17.29.01:013][  0]LogNetVersion: FirstProject 1.0.0, NetCL: 17155196, EngineNetVer: 17, GameNetVer: 0 (Checksum: 1409045027)
[2021.09.06-17.29.01:453][  0]LogTexture: Default maximum texture size for cubemaps generated from long-lat sources has been changed from 512 to unlimited. In order to preserve old behaiour for '/Engine/MapTemplates/Sky/DaylightAmbientCubemap.DaylightAmbientCubemap', its maximum texture size has been explicitly set to 512.
[2021.09.06-17.29.01:541][  0]LogHMD: PokeAHoleMaterial loaded successfully
[2021.09.06-17.29.01:694][  0]LogMoviePlayer: Initializing movie player
[2021.09.06-17.29.01:839][  0]LogNiagaraDebuggerClient: Niagara Debugger Client Initialized | Session: 5E0B965E41099A5D62F9A4BB6F5FC039 | Instance: 764C490F4924DEC1BD6B60A45314EFDE (DESKTOP-UGMOOO0-10472).
[2021.09.06-17.29.01:876][  0]LogCollectionManager: Loaded 0 collections in 0.002882 seconds
[2021.09.06-17.29.01:879][  0]LogFileCache: Scanning file cache for directory 'C:/SSD120/Korisnik/GameDev/Unreal projects/UE4Game/FirstProject 4.27/Saved/Collections/' took 0.00s
[2021.09.06-17.29.01:879][  0]LogFileCache: Scanning file cache for directory 'C:/SSD120/Korisnik/GameDev/Unreal projects/UE4Game/FirstProject 4.27/Content/Developers/Vukasin/Collections/' took 0.00s
[2021.09.06-17.29.01:879][  0]LogFileCache: Scanning file cache for directory 'C:/SSD120/Korisnik/GameDev/Unreal projects/UE4Game/FirstProject 4.27/Content/Collections/' took 0.00s
[2021.09.06-17.29.01:879][  0]LogCollectionManager: Fixed up redirectors for 0 collections in 0.000004 seconds (updated 0 objects)
[2021.09.06-17.29.01:885][  0]LogStreaming: Warning: Failed to read file '../../../Engine/Content/Editor/Slate/Niagara/MenuSeparator.png' error.
[2021.09.06-17.29.01:885][  0]LogSlate: Could not find file for Slate resource: ../../../Engine/Content/Editor/Slate/Niagara/MenuSeparator.png
[2021.09.06-17.29.02:037][  0]LogStreaming: Warning: Failed to read file '../../../Engine/Content/Editor/Slate/Niagara/Common/Selector.png' error.
[2021.09.06-17.29.02:037][  0]LogSlate: Could not find file for Slate resource: ../../../Engine/Content/Editor/Slate/Niagara/Common/Selector.png
[2021.09.06-17.29.02:037][  0]LogStreaming: Warning: Failed to read file '../../../Engine/Content/Editor/Slate/Niagara/Common/Selection.png' error.
[2021.09.06-17.29.02:037][  0]LogSlate: Could not find file for Slate resource: ../../../Engine/Content/Editor/Slate/Niagara/Common/Selection.png
[2021.09.06-17.29.02:037][  0]LogImageWrapper: Warning: PNG Warning: Duplicate iCCP chunk
[2021.09.06-17.29.02:037][  0]LogStreaming: Warning: Failed to read file '../../../Engine/Content/Editor/Slate/Niagara/Common/DropZoneIndicator_Above.png' error.
[2021.09.06-17.29.02:037][  0]LogSlate: Could not find file for Slate resource: ../../../Engine/Content/Editor/Slate/Niagara/Common/DropZoneIndicator_Above.png
[2021.09.06-17.29.02:037][  0]LogStreaming: Warning: Failed to read file '../../../Engine/Content/Editor/Slate/Niagara/Common/DropZoneIndicator_Onto.png' error.
[2021.09.06-17.29.02:037][  0]LogSlate: Could not find file for Slate resource: ../../../Engine/Content/Editor/Slate/Niagara/Common/DropZoneIndicator_Onto.png
[2021.09.06-17.29.02:037][  0]LogStreaming: Warning: Failed to read file '../../../Engine/Content/Editor/Slate/Niagara/Common/DropZoneIndicator_Below.png' error.
[2021.09.06-17.29.02:037][  0]LogSlate: Could not find file for Slate resource: ../../../Engine/Content/Editor/Slate/Niagara/Common/DropZoneIndicator_Below.png
[2021.09.06-17.29.02:037][  0]LogStreaming: Warning: Failed to read file '../../../Engine/Content/Editor/Slate/Niagara/Common/RoundedSelection_16x.png' error.
[2021.09.06-17.29.02:037][  0]LogSlate: Could not find file for Slate resource: ../../../Engine/Content/Editor/Slate/Niagara/Common/RoundedSelection_16x.png
[2021.09.06-17.29.02:037][  0]LogStreaming: Warning: Failed to read file '../../../Engine/Content/Editor/Slate/Niagara/Common/FlatButton.png' error.
[2021.09.06-17.29.02:037][  0]LogSlate: Could not find file for Slate resource: ../../../Engine/Content/Editor/Slate/Niagara/Common/FlatButton.png
[2021.09.06-17.29.02:037][  0]LogImageWrapper: Warning: PNG Warning: Duplicate iCCP chunk
[2021.09.06-17.29.02:037][  0]LogPython: Using Python 3.7.7
[2021.09.06-17.29.02:874][  0]LogTcpMessaging: Initializing TcpMessaging bridge
[2021.09.06-17.29.02:880][  0]LogUdpMessaging: Initializing bridge on interface 0.0.0.0:0 to multicast group 230.0.0.1:6666.
[2021.09.06-17.29.03:047][  0]SourceControl: Source control is disabled
[2021.09.06-17.29.03:048][  0]SourceControl: Source control is disabled
[2021.09.06-17.29.03:052][  0]SourceControl: Source control is disabled
[2021.09.06-17.29.03:066][  0]LogUProjectInfo: Found projects:
[2021.09.06-17.29.03:226][  0]LogOpenImageDenoise: OIDN starting up
[2021.09.06-17.29.03:238][  0]LogAndroidPermission: UAndroidPermissionCallbackProxy::GetInstance
[2021.09.06-17.29.03:269][  0]LogAudioCaptureCore: Display: No Audio Capture implementations found. Audio input will be silent.
[2021.09.06-17.29.03:269][  0]LogAudioCaptureCore: Display: No Audio Capture implementations found. Audio input will be silent.
[2021.09.06-17.29.03:385][  0]LogOcInput: OculusInput pre-init called
[2021.09.06-17.29.03:398][  0]LogUObjectArray: 22265 objects as part of root set at end of initial load.
[2021.09.06-17.29.03:398][  0]LogUObjectAllocator: 6094608 out of 0 bytes used by permanent object pool.
[2021.09.06-17.29.03:398][  0]LogUObjectArray: CloseDisregardForGC: 0/0 objects in disregard for GC pool
[2021.09.06-17.29.03:478][  0]LogClass: Display: FloatProperty FCharacterStats::Health is not initialized properly. Module:FirstProject File:FirstSaveGame.h
[2021.09.06-17.29.03:478][  0]LogClass: Display: FloatProperty FCharacterStats::MaxHealth is not initialized properly. Module:FirstProject File:FirstSaveGame.h
[2021.09.06-17.29.03:478][  0]LogClass: Display: FloatProperty FCharacterStats::Stamina is not initialized properly. Module:FirstProject File:FirstSaveGame.h
[2021.09.06-17.29.03:478][  0]LogClass: Display: FloatProperty FCharacterStats::MaxStamina is not initialized properly. Module:FirstProject File:FirstSaveGame.h
[2021.09.06-17.29.03:478][  0]LogClass: Display: IntProperty FCharacterStats::Coins is not initialized properly. Module:FirstProject File:FirstSaveGame.h
[2021.09.06-17.29.03:478][  0]LogClass: Display: StructProperty FCharacterStats::Location is not initialized properly. Module:FirstProject File:FirstSaveGame.h
[2021.09.06-17.29.03:478][  0]LogClass: Display: StructProperty FCharacterStats::Rotation is not initialized properly. Module:FirstProject File:FirstSaveGame.h
[2021.09.06-17.29.03:479][  0]LogClass: Display: 7 Uninitialized script struct members found including 0 object properties
[2021.09.06-17.29.03:480][  0]LogEngine: Initializing Engine...
[2021.09.06-17.29.03:483][  0]LogHMD: Failed to enumerate extensions. Please check that you have a valid OpenXR runtime installed.
[2021.09.06-17.29.03:483][  0]LogHMD: Failed to initialize OpenVR with code 110
[2021.09.06-17.29.03:483][  0]LogMagicLeap: Warning: VR disabled because ZI is not enabled.  To enable, in the editor, Edit -> Project Settings -> Plugins -> Magic Leap Plugin -> Enable Zero Iteration
[2021.09.06-17.29.03:485][  0]LogStats: UGameplayTagsManager::InitializeManager -  0.000 s
[2021.09.06-17.29.03:659][  0]LogInit: Initializing FReadOnlyCVARCache
[2021.09.06-17.29.03:659][  0]LogAudio: Display: Initializing Audio Device Manager...
[2021.09.06-17.29.03:664][  0]LogAudio: Display: Loading Default Audio Settings Objects...
[2021.09.06-17.29.03:666][  0]LogAudio: Display: No default SoundConcurrencyObject specified (or failed to load).
[2021.09.06-17.29.03:667][  0]LogAudio: Display: Audio Device Manager Initialized
[2021.09.06-17.29.03:667][  0]LogAudio: Display: Creating Audio Device:                 Id: 1, Scope: Shared, Realtime: True
[2021.09.06-17.29.03:667][  0]LogAudioMixer: Display: Audio Mixer Platform Settings:
[2021.09.06-17.29.03:667][  0]LogAudioMixer: Display: 	Sample Rate:						  48000
[2021.09.06-17.29.03:667][  0]LogAudioMixer: Display: 	Callback Buffer Frame Size Requested: 1024
[2021.09.06-17.29.03:667][  0]LogAudioMixer: Display: 	Callback Buffer Frame Size To Use:	  1024
[2021.09.06-17.29.03:667][  0]LogAudioMixer: Display: 	Number of buffers to queue:			  2
[2021.09.06-17.29.03:667][  0]LogAudioMixer: Display: 	Max Channels (voices):				  32
[2021.09.06-17.29.03:667][  0]LogAudioMixer: Display: 	Number of Async Source Workers:		  0
[2021.09.06-17.29.03:667][  0]LogAudio: Display: AudioDevice MaxSources: 32
[2021.09.06-17.29.03:667][  0]LogAudio: Display: Audio Spatialization Plugin: None (built-in).
[2021.09.06-17.29.03:667][  0]LogAudio: Display: Audio Reverb Plugin: None (built-in).
[2021.09.06-17.29.03:667][  0]LogAudio: Display: Audio Occlusion Plugin: None (built-in).
[2021.09.06-17.29.03:667][  0]LogAudioMixer: Display: Initializing audio mixer.
[2021.09.06-17.29.03:684][  0]LogAudioMixer: Display: 0: FrontLeft
[2021.09.06-17.29.03:684][  0]LogAudioMixer: Display: 1: FrontRight
[2021.09.06-17.29.03:719][  0]LogAudioMixer: Display: Using Audio Device Speakers (2- Realtek High Definition Audio)
[2021.09.06-17.29.03:725][  0]LogAudioMixer: Display: Initializing Sound Submixes...
[2021.09.06-17.29.03:727][  0]LogAudioMixer: Display: Creating Master Submix 'MasterSubmixDefault'
[2021.09.06-17.29.03:727][  0]LogAudioMixer: Display: Creating Master Submix 'MasterReverbSubmixDefault'
[2021.09.06-17.29.03:728][  0]LogAudioMixer: Display: Creating Master Submix 'MasterEQSubmixDefault'
[2021.09.06-17.29.03:728][  0]LogAudioMixer: FMixerPlatformXAudio2::StartAudioStream() called
[2021.09.06-17.29.03:728][  0]LogAudioMixer: Display: Output buffers initialized: Frames=1024, Channels=2, Samples=2048
[2021.09.06-17.29.03:729][  0]LogAudioMixer: Display: Starting AudioMixerPlatformInterface::RunInternal()
[2021.09.06-17.29.03:730][  0]LogAudioMixer: Display: FMixerPlatformXAudio2::SubmitBuffer() called for the first time
[2021.09.06-17.29.03:730][  0]LogInit: FAudioDevice initialized.
[2021.09.06-17.29.03:732][  0]LogNetVersion: Set ProjectVersion to 1.0.0.0. Version Checksum will be recalculated on next use.
[2021.09.06-17.29.03:734][  0]LogInit: Texture streaming: Enabled
[2021.09.06-17.29.03:844][  0]LogAudio: Display: Audio Device (ID: 1) registered with world 'Untitled'.
[2021.09.06-17.29.03:845][  0]LogSlate: Updating window title bar state: overlay mode, drag disabled, window buttons hidden, title bar hidden
[2021.09.06-17.29.03:845][  0]LogInit: Display: Game Engine Initialized.
[2021.09.06-17.29.03:845][  0]LogNiagaraEditor: GEditor isn't valid! Particle reset commands will not work for Niagara components!
[2021.09.06-17.29.04:185][  0]LogStreaming: Warning: Failed to read file '../../../Engine/Content/Editor/Slate/Niagara/MenuSeparator.png' error.
[2021.09.06-17.29.04:185][  0]LogSlate: Could not find file for Slate resource: ../../../Engine/Content/Editor/Slate/Niagara/MenuSeparator.png
[2021.09.06-17.29.04:185][  0]LogStreaming: Warning: Failed to read file '../../../Engine/Content/Editor/Slate/Niagara/Common/Selector.png' error.
[2021.09.06-17.29.04:185][  0]LogSlate: Could not find file for Slate resource: ../../../Engine/Content/Editor/Slate/Niagara/Common/Selector.png
[2021.09.06-17.29.04:185][  0]LogStreaming: Warning: Failed to read file '../../../Engine/Content/Editor/Slate/Niagara/Common/Selection.png' error.
[2021.09.06-17.29.04:185][  0]LogSlate: Could not find file for Slate resource: ../../../Engine/Content/Editor/Slate/Niagara/Common/Selection.png
[2021.09.06-17.29.04:185][  0]LogStreaming: Warning: Failed to read file '../../../Engine/Content/Editor/Slate/Niagara/Common/DropZoneIndicator_Above.png' error.
[2021.09.06-17.29.04:185][  0]LogSlate: Could not find file for Slate resource: ../../../Engine/Content/Editor/Slate/Niagara/Common/DropZoneIndicator_Above.png
[2021.09.06-17.29.04:185][  0]LogStreaming: Warning: Failed to read file '../../../Engine/Content/Editor/Slate/Niagara/Common/DropZoneIndicator_Onto.png' error.
[2021.09.06-17.29.04:185][  0]LogSlate: Could not find file for Slate resource: ../../../Engine/Content/Editor/Slate/Niagara/Common/DropZoneIndicator_Onto.png
[2021.09.06-17.29.04:185][  0]LogStreaming: Warning: Failed to read file '../../../Engine/Content/Editor/Slate/Niagara/Common/DropZoneIndicator_Below.png' error.
[2021.09.06-17.29.04:185][  0]LogSlate: Could not find file for Slate resource: ../../../Engine/Content/Editor/Slate/Niagara/Common/DropZoneIndicator_Below.png
[2021.09.06-17.29.04:186][  0]LogStreaming: Warning: Failed to read file '../../../Engine/Content/Editor/Slate/Niagara/Common/RoundedSelection_16x.png' error.
[2021.09.06-17.29.04:186][  0]LogSlate: Could not find file for Slate resource: ../../../Engine/Content/Editor/Slate/Niagara/Common/RoundedSelection_16x.png
[2021.09.06-17.29.04:186][  0]LogStreaming: Warning: Failed to read file '../../../Engine/Content/Editor/Slate/Niagara/Common/FlatButton.png' error.
[2021.09.06-17.29.04:186][  0]LogSlate: Could not find file for Slate resource: ../../../Engine/Content/Editor/Slate/Niagara/Common/FlatButton.png
[2021.09.06-17.29.04:186][  0]LogImageWrapper: Warning: PNG Warning: Duplicate iCCP chunk
[2021.09.06-17.29.04:186][  0]LogImageWrapper: Warning: PNG Warning: Duplicate iCCP chunk
[2021.09.06-17.29.04:219][  0]LogInit: Display: Starting Game.
[2021.09.06-17.29.04:219][  0]LogNet: Browse: /Game/Maps/SunTemple?Name=Player
[2021.09.06-17.29.04:219][  0]LogLoad: LoadMap: /Game/Maps/SunTemple?Name=Player
[2021.09.06-17.29.04:219][  0]LogWorld: BeginTearingDown for /Temp/Untitled_0
[2021.09.06-17.29.04:221][  0]LogWorld: UWorld::CleanupWorld for Untitled, bSessionEnded=true, bCleanupResources=true
[2021.09.06-17.29.04:221][  0]LogSlate: InvalidateAllWidgets triggered.  All widgets were invalidated
[2021.09.06-17.29.04:233][  0]LogAudio: Display: Audio Device unregistered from world 'None'.
[2021.09.06-17.29.04:236][  0]LogUObjectHash: Compacting FUObjectHashTables data took   1.33ms
[2021.09.06-17.29.05:413][  0]LogTexture: Default maximum texture size for cubemaps generated from long-lat sources has been changed from 512 to unlimited. In order to preserve old behaiour for '/Game/Assets/Textures/Sky54a2048.Sky54a2048', its maximum texture size has been explicitly set to 512.
[2021.09.06-17.29.08:881][  0]LogAudio: Display: Audio Device (ID: 1) registered with world 'SunTemple'.
[2021.09.06-17.29.08:903][  0]LogAIModule: Creating AISystem for world SunTemple
[2021.09.06-17.29.08:905][  0]LogLoad: Game class is 'CritterGameMode_BP_C'
[2021.09.06-17.29.08:953][  0]LogWorld: Bringing World /Game/Maps/SunTemple.SunTemple up for play (max tick rate 0) at 2021.09.06-19.29.08
[2021.09.06-17.29.08:955][  0]LogWorld: Bringing up level for play took: 0.048357
[2021.09.06-17.29.08:975][  0]LogLoad: Took 4.755690 seconds to LoadMap(/Game/Maps/SunTemple)
[2021.09.06-17.29.09:081][  0]LogSlate: Took 0.010597 seconds to synchronously load lazily loaded font '../../../Engine/Content/Slate/Fonts/Roboto-Regular.ttf' (155K)
[2021.09.06-17.29.09:127][  0]LogRenderer: Reallocating scene render targets to support 1280x720 Format 10 NumSamples 1 (Frame:1).
[2021.09.06-17.29.09:127][  0]LogInit: Display: Engine is initialized. Leaving FEngineLoop::Init()
[2021.09.06-17.29.09:127][  0]LogLoad: (Engine Initialization) Total time: 13.96 seconds
[2021.09.06-17.29.09:127][  0]LogLoad: (Engine Initialization) Total Blueprint compile time: 0.00 seconds
[2021.09.06-17.29.09:182][  0]LogContentStreaming: Texture pool size now 1000 MB
[2021.09.06-17.29.09:195][  0]LogSlate: InvalidateAllWidgets triggered.  All widgets were invalidated
[2021.09.06-17.29.10:261][  1]LogCharacterMovement: Warning: GetSimulationTimeStep() - Max iterations 8 hit while remaining time 0.081557 > MaxSimulationTimeStep (0.050) for 'MainCharacter_BP_C_0', movement 'Walking'
[2021.09.06-17.29.10:267][  1]LogSlate: Took 0.000213 seconds to synchronously load lazily loaded font '../../../Engine/Content/Slate/Fonts/Roboto-Regular.ttf' (155K)
